001-Brendan => S. Gungathan
002-Brendan => S. Gungathan
003-Brendan => S. Gungathan
007-Calvin => Calvin
008-Rick => Rick
010-Tiana => Floon
018-Jerry => Jerry
019-Karen => Karen
023-Joey => Joey
024-Jose => Jose
025-Janice => Janice
034-Kirk => Orange
035-Shawn => Blue
056-Hideki => Ryu
059-Tessa => Peach
060-Laura => Zelda
063-Randall => Kidney
064-Parker => Pinto
065-George => Fava
066-Berke => Mung
067-Mary => Soy
068-Lori => Garbanzo
069-Jody => Jelly
076-Vivi => Korra
077-Brice => Satin
080-Carol => Longboi
085-Andy => Sean
086-Neal => Neil
089-Lydia => Bliss
094-Steve => Red
111-Hugh => Hugh
126-Isaac => DaVinki
129-Nicolas => Red
131-Roland => Bingus
134-Barry => Barry
173-Gabby & Ty => Corvimae & swc19
174-Gabby & Ty => Corvimae & swc19
175-Gabby & Ty => Corvimae & swc19
176-Gabby & Ty => Corvimae & swc19
177-Gabby & Ty => Corvimae & swc19
178-Archie => ARRRRRRRRRchie
195-Calvin => Calvin
196-Calvin => Calvin
197-Calvin => Calvin
198-Calvin => Calvin
210-Eddie => Ditto
211-Sally => Ditto
212-Robin => Ditto
213-Cora => Ditto
215-Ted => Ditto
217-Georgie => Ditto
221-Yuji => Ditto
222-Sebastian => Ditto
223-Sophia => Ditto
231-Archie => ARRRRRRRRRchie
233-Grunt => Grunt
256-Grunt => Sunny
257-Grunt => Snow
258-Grunt => Rain
259-Grunt => Sandy
267-Grunt => Grunt
268-Grunt => Jeff
273-Clark => Clark
275-Gina & Mia => Pain & Suffering
279-Eric => Eric
280-Ethan => Deez
281-Diana => Erika
283-Grunt => Grunt
284-Grunt => Grunt
285-Grunt => Grunt
289-Brendan => S. Gungathan
290-Brendan => S. Gungathan
291-Brendan => S. Gungathan
292-Brendan => S. Gungathan
293-Brendan => S. Gungathan
294-Brendan => S. Gungathan
301-Allen => Allen
308-Irene => Irene
316-Barny => Barny
338-Connie => Connie
339-Bridget => Bridget
340-Tiffany => Tiffany
341-Andrea => Andrea
342-Crissy => Crissy
343-Edgar => Edgar
346-Vito => Vito
363-Duncan => Red
364-Lois & Hal => Lois & Peter
365-Shelby => Shelby
389-Wilton => Kaleb
401-Steve => Red
402-Steve => Red
403-Steve => Red
404-Steve => Red
413-Jerry => Jerry
414-Jerry => Jerry
415-Jerry => Jerry
416-Jerry => Jerry
417-Karen => Karen
418-Karen => Karen
419-Karen => Karen
420-Karen => Karen
457-Shelby => Shelby
458-Shelby => Shelby
459-Shelby => Shelby
460-Shelby => Shelby
465-Lois & Hal => Lois & Peter
466-Lois & Hal => Lois & Peter
467-Lois & Hal => Lois & Peter
468-Lois & Hal => Lois & Peter
469-Ethan => Deez
470-Ethan => Deez
471-Ethan => Deez
472-Ethan => Deez
473-Diana => Erika
474-Diana => Erika
475-Diana => Erika
476-Diana => Erika
481-Nicolas => Red
518-Wally => Wally
519-Lydia => Bliss
520-Lydia => Bliss
521-Lydia => Bliss
522-Lydia => Bliss
523-Isaac => DaVinki
524-Isaac => DaVinki
525-Isaac => DaVinki
526-Isaac => DaVinki
527-Brendan => S. Gungathan
528-Brendan => S. Gungathan
529-Brendan => S. Gungathan
553-Sidney => Sidney
554-Phoebe => Sklon
555-Glacia => Yoshi
557-Steven => Steely Dan
559-Cindy => Hideki
563-Brawly => Brawl-y
567-Wattson => Wattson
568-Ben => Lacy
569-Flannery => AAAA
570-Norman => Bean Dad
571-Winona => Alison
572-Wallace => IGN Reviewer
582-Gabby & Ty => Corvimae & swc19
583-Wally => Wally
594-Olivia => Olivia
614-Vivian => Pink
640-Cindy => Hideki
641-Victor => Aang
642-Victoria => Sokka
646-Brianna => Brianna
647-Marissa => Marissa
650-Isabel => Red
655-Cindy => Hideki
656-Cindy => Hideki
657-Cindy => Hideki
661-Isabel => Red
662-Isabel => Red
663-Isabel => Red
664-Isabel => Red
674-Brendan => S. Gungathan
675-Brendan => S. Gungathan
676-Brendan => S. Gungathan
680-Steven => Steely Dan
683-Matt => Etch
684-Matt => Etch
685-Matt => Etch
686-Matt => Etch
687-Matt => Etch
688-Shelly => Evil Nessa
689-Shelly => Evil Nessa
690-Shelly => Evil Nessa
699-Brendan => S. Gungathan
700-Brendan => S. Gungathan
701-Brendan => S. Gungathan
713-Zinnia => Olive
720-Graeme => Caz
725-Graeme => Caz
726-Graeme => Caz
727-Graeme => Caz
728-Graeme => Caz
731-Jael & Kael => Nick & MnM
733-Jael & Kael => Nick & MnM
734-Jael & Kael => Nick & MnM
735-Jael & Kael => Nick & MnM
736-Jael & Kael => Nick & MnM
765-Theodore => Red
769-Nellie => Nellie
790-Jaylin => Jaylin
828-Marlene => Maylene
829-Pike & Shiel => Ditto & Ditto
856-Aarune => Aarune
857-Aarune => Aarune
898-Zinnia => Olive
903-Grunt => Grunt
904-Grunt => Grouch
905-Grunt => Grouch
909-Sidney => Sidney
910-Phoebe => Sklon
911-Glacia => Yoshi
913-Steven => Steely Dan
942-Steven => Steely Dan
943-Wallace => IGN Reviewer
